## Batch run free eagle

```Python
CUDA_VISIBLE_DEVICES=0 nohup python batch_free_eagle.py --dataset cifar10 --model resnet18 --type benign > batch_benign.log
CUDA_VISIBLE_DEVICES=2 nohup python batch_free_eagle.py --dataset cifar10 --model resnet18 --type badnet > batch_cifar10_resnet18_badnet.log
CUDA_VISIBLE_DEVICES=1 nohup python batch_free_eagle.py --dataset cifar10 --model resnet18 --type AdaptiveBlend > batch_cifar10_resnet18_blend.log
CUDA_VISIBLE_DEVICES=2 nohup python batch_free_eagle.py --dataset cifar10 --model resnet18 --type sig    > batch_cifar10_resnet18_sig.log
CUDA_VISIBLE_DEVICES=3 nohup python batch_free_eagle.py --dataset cifar10 --model resnet18 --type wanet  > batch_cifar10_resnet18_want.log
CUDA_VISIBLE_DEVICES=1 nohup python batch_free_eagle.py --dataset cifar10 --model resnet18 --type refool > batch_cifar10_resnet18_refool.log
CUDA_VISIBLE_DEVICES=1 nohup python batch_free_eagle.py --dataset cifar10 --model resnet18 --type wanet  > batch_cifar10_resnet18_wanet.log
```
## Collect results from log
```
python analyse_log.py logs batch_benign.log -o ./results/benign.csv
python analyse_log.py logs batch_badnet.log -o ./results/badnet.csv
python analyse_log.py logs batch_blend.log -o ./results/blend.csv
python analyse_log.py logs batch_bpp.log -o ./results/bpp.csv
python analyse_log.py logs batch_sig.log -o ./results/sig.csv
python analyse_log.py logs batch_want.log -o ./results/wanet.csv
python analyse_log.py logs batch_refool.log -o ./results/refool.csv
```